<?xml version="1.0" encoding="UTF-8"?>
<!-- Generated by org.testng.reporters.JUnitXMLReporter -->
<testsuite ignored="0" hostname="DESKTOP-QESH9RJ" failures="0" tests="4" name="Default test" time="1.322" errors="0" timestamp="2022-11-25T15:11:00 IST">
  <testcase classname="selenium.NewTest" name="displaydata" time="0.014"/>
  <testcase classname="selenium.NewTest" name="displaydata" time="0.001"/>
  <testcase classname="selenium.NewTest" name="displaydata" time="0.004"/>
  <testcase classname="selenium.NewTest" name="second" time="0.002"/>
</testsuite> <!-- Default test -->
